<?xml version="1.0" encoding="UTF-8"?>
<testsuite name="ml.pho3.tp1.ExampleUnitTest" tests="1" skipped="0" failures="0" errors="0" timestamp="2019-01-30T08:03:58" hostname="ge-st3-113" time="0.001">
  <properties/>
  <testcase name="addition_isCorrect" classname="ml.pho3.tp1.ExampleUnitTest" time="0.001"/>
  <system-out><![CDATA[]]></system-out>
  <system-err><![CDATA[]]></system-err>
</testsuite>
